<?xml version="1.0" encoding="UTF-8"?>
<!-- Generated by org.testng.reporters.JUnitReportReporter -->
<testsuite hostname="Geetikas-MacBook-Air.local" name="com.ButtonsAutomate.Maven.CTAButtonsTesting" tests="1" failures="0" timestamp="13 Mar 2020 11:06:37 GMT" time="9.397" errors="0">
  <testcase name="test" time="9.397" classname="com.ButtonsAutomate.Maven.CTAButtonsTesting"/>
</testsuite> <!-- com.ButtonsAutomate.Maven.CTAButtonsTesting -->
