<?xml version="1.0" encoding="UTF-8"?>
<!-- Generated by org.testng.reporters.JUnitReportReporter -->
<testsuite hostname="Geetikas-MacBook-Air.local" name="com.ButtonsAutomate.Maven.NextFrameButtonsTestingJava" tests="1" failures="0" timestamp="13 Mar 2020 10:57:36 GMT" time="6.770" errors="0">
  <testcase name="test" time="6.770" classname="com.ButtonsAutomate.Maven.NextFrameButtonsTestingJava"/>
</testsuite> <!-- com.ButtonsAutomate.Maven.NextFrameButtonsTestingJava -->
