<?xml version="1.0" encoding="UTF-8"?>
<!-- Generated by org.testng.reporters.JUnitReportReporter -->
<testsuite hostname="Geetikas-MacBook-Air.local" name="com.ButtonsAutomate.Maven.NextFrameButtonwithCTAButton" tests="1" failures="0" timestamp="13 Mar 2020 11:01:57 GMT" time="6.908" errors="0">
  <testcase name="test" time="6.908" classname="com.ButtonsAutomate.Maven.NextFrameButtonwithCTAButton"/>
</testsuite> <!-- com.ButtonsAutomate.Maven.NextFrameButtonwithCTAButton -->
